<?xml version="1.0" encoding="UTF-8"?>
<testsuite name="com.Kalschatzi.springboot_app.HelloControllerTest" tests="3" skipped="0" failures="0" errors="0" timestamp="2025-04-10T17:23:38.899Z" hostname="manals-laptop.local" time="0.482">
  <properties/>
  <testcase name="testWrongMethodReturns405()" classname="com.Kalschatzi.springboot_app.HelloControllerTest" time="0.457"/>
  <testcase name="testHelloEndpoint()" classname="com.Kalschatzi.springboot_app.HelloControllerTest" time="0.02"/>
  <testcase name="testInvalidEndpointReturns404()" classname="com.Kalschatzi.springboot_app.HelloControllerTest" time="0.003"/>
  <system-out><![CDATA[18:23:38.219 [Test worker] INFO org.springframework.test.context.support.AnnotationConfigContextLoaderUtils -- Could not detect default configuration classes for test class [com.Kalschatzi.springboot_app.HelloControllerTest]: HelloControllerTest does not declare any static, non-private, non-final, nested classes annotated with @Configuration.
18:23:38.313 [Test worker] INFO org.springframework.boot.test.context.SpringBootTestContextBootstrapper -- Found @SpringBootConfiguration com.Kalschatzi.springboot_app.SpringbootAppApplication for test class com.Kalschatzi.springboot_app.HelloControllerTest

  .   ____          _            __ _ _
 /\\ / ___'_ __ _ _(_)_ __  __ _ \ \ \ \
( ( )\___ | '_ | '_| | '_ \/ _` | \ \ \ \
 \\/  ___)| |_)| | | | | || (_| |  ) ) ) )
  '  |____| .__|_| |_|_| |_\__, | / / / /
 =========|_|==============|___/=/_/_/_/

 :: Spring Boot ::                (v3.4.4)

2025-04-10T18:23:38.517+01:00  INFO 61898 --- [springboot-app] [    Test worker] c.K.springboot_app.HelloControllerTest   : Starting HelloControllerTest using Java 21.0.6 with PID 61898 (started by manal in /Users/manal/manal_project/springboot-app)
2025-04-10T18:23:38.518+01:00  INFO 61898 --- [springboot-app] [    Test worker] c.K.springboot_app.HelloControllerTest   : No active profile set, falling back to 1 default profile: "default"
2025-04-10T18:23:38.879+01:00  INFO 61898 --- [springboot-app] [    Test worker] o.s.b.t.m.w.SpringBootMockServletContext : Initializing Spring TestDispatcherServlet ''
2025-04-10T18:23:38.879+01:00  INFO 61898 --- [springboot-app] [    Test worker] o.s.t.web.servlet.TestDispatcherServlet  : Initializing Servlet ''
2025-04-10T18:23:38.880+01:00  INFO 61898 --- [springboot-app] [    Test worker] o.s.t.web.servlet.TestDispatcherServlet  : Completed initialization in 1 ms
2025-04-10T18:23:38.896+01:00  INFO 61898 --- [springboot-app] [    Test worker] c.K.springboot_app.HelloControllerTest   : Started HelloControllerTest in 0.54 seconds (process running for 1.111)
2025-04-10T18:23:39.346+01:00  WARN 61898 --- [springboot-app] [    Test worker] .w.s.m.s.DefaultHandlerExceptionResolver : Resolved [org.springframework.web.HttpRequestMethodNotSupportedException: Request method 'POST' is not supported]
]]></system-out>
  <system-err><![CDATA[Mockito is currently self-attaching to enable the inline-mock-maker. This will no longer work in future releases of the JDK. Please add Mockito as an agent to your build what is described in Mockito's documentation: https://javadoc.io/doc/org.mockito/mockito-core/latest/org/mockito/Mockito.html#0.3
WARNING: A Java agent has been loaded dynamically (/Users/manal/.gradle/caches/modules-2/files-2.1/net.bytebuddy/byte-buddy-agent/1.15.11/a38b16385e867f59a641330f0362ebe742788ed8/byte-buddy-agent-1.15.11.jar)
WARNING: If a serviceability tool is in use, please run with -XX:+EnableDynamicAgentLoading to hide this warning
WARNING: If a serviceability tool is not in use, please run with -Djdk.instrument.traceUsage for more information
WARNING: Dynamic loading of agents will be disallowed by default in a future release
]]></system-err>
</testsuite>
